2024-10-17 12:17:09,503 CRIT Supervisor is running as root.  Privileges were not dropped because no user is specified in the config file.  If you intend to run as root, you can set user=root in the config file to avoid this message.
2024-10-17 12:17:09,524 INFO supervisord started with pid 1
2024-10-17 12:17:10,536 INFO spawnerr: can't find command 'nginx'
2024-10-17 12:17:10,548 INFO spawned: 'php-fpm' with pid 7
2024-10-17 12:17:11,724 INFO spawnerr: can't find command 'nginx'
2024-10-17 12:17:11,735 INFO success: php-fpm entered RUNNING state, process has stayed up for > than 1 seconds (startsecs)
2024-10-17 12:17:13,736 INFO spawnerr: can't find command 'nginx'
2024-10-17 12:17:16,743 INFO spawnerr: can't find command 'nginx'
2024-10-17 12:17:16,745 INFO gave up: nginx entered FATAL state, too many start retries too quickly
2024-10-17 12:49:13,263 WARN received SIGQUIT indicating exit request
2024-10-17 12:49:13,265 INFO waiting for php-fpm to die
2024-10-17 12:49:13,283 INFO stopped: php-fpm (exit status 0)
2024-10-17 12:49:54,118 CRIT Supervisor is running as root.  Privileges were not dropped because no user is specified in the config file.  If you intend to run as root, you can set user=root in the config file to avoid this message.
2024-10-17 12:49:54,128 INFO supervisord started with pid 1
2024-10-17 12:49:55,133 INFO spawned: 'php-fpm' with pid 8
2024-10-17 12:49:56,178 INFO success: php-fpm entered RUNNING state, process has stayed up for > than 1 seconds (startsecs)
2024-10-17 12:58:45,593 WARN received SIGQUIT indicating exit request
2024-10-17 12:58:45,594 INFO waiting for php-fpm to die
2024-10-17 12:58:45,639 INFO stopped: php-fpm (exit status 0)
2024-10-17 12:59:37,382 INFO Set uid to user 0 succeeded
2024-10-17 12:59:37,418 INFO supervisord started with pid 1
2024-10-17 12:59:38,426 INFO spawned: 'php-fpm' with pid 7
2024-10-17 12:59:39,517 INFO success: php-fpm entered RUNNING state, process has stayed up for > than 1 seconds (startsecs)
2024-10-17 13:02:32,948 WARN received SIGQUIT indicating exit request
2024-10-17 13:02:32,949 INFO waiting for php-fpm to die
2024-10-17 13:02:32,999 INFO stopped: php-fpm (exit status 0)
2024-10-17 13:03:05,616 INFO Set uid to user 0 succeeded
2024-10-17 13:03:05,645 INFO supervisord started with pid 1
2024-10-17 13:03:06,651 INFO spawned: 'php-fpm' with pid 7
2024-10-17 13:03:07,744 INFO success: php-fpm entered RUNNING state, process has stayed up for > than 1 seconds (startsecs)
2024-10-17 13:06:34,602 WARN received SIGQUIT indicating exit request
2024-10-17 13:06:34,604 INFO waiting for php-fpm to die
2024-10-17 13:06:34,650 INFO stopped: php-fpm (exit status 0)
2024-10-17 13:06:38,526 INFO Set uid to user 0 succeeded
2024-10-17 13:06:38,544 INFO supervisord started with pid 1
2024-10-17 13:06:39,549 INFO spawned: 'php-fpm' with pid 7
2024-10-17 13:06:40,679 INFO success: php-fpm entered RUNNING state, process has stayed up for > than 1 seconds (startsecs)
2024-10-17 13:30:16,369 WARN received SIGQUIT indicating exit request
2024-10-17 13:30:16,369 INFO waiting for php-fpm to die
2024-10-17 13:30:16,372 INFO stopped: php-fpm (exit status 0)
2024-10-17 13:30:46,302 INFO Set uid to user 0 succeeded
2024-10-17 13:30:46,307 INFO supervisord started with pid 1
2024-10-17 13:30:47,311 INFO spawned: 'php-fpm' with pid 7
2024-10-17 13:30:48,333 INFO success: php-fpm entered RUNNING state, process has stayed up for > than 1 seconds (startsecs)
2024-10-17 13:45:49,226 WARN received SIGQUIT indicating exit request
2024-10-17 13:45:49,227 INFO waiting for php-fpm to die
2024-10-17 13:45:49,248 INFO stopped: php-fpm (exit status 0)
2024-10-17 14:06:07,571 INFO Set uid to user 0 succeeded
2024-10-17 14:06:07,577 INFO supervisord started with pid 1
2024-10-17 14:06:08,579 INFO spawned: 'php-fpm' with pid 7
2024-10-17 14:06:09,621 INFO success: php-fpm entered RUNNING state, process has stayed up for > than 1 seconds (startsecs)
2024-10-18 14:44:54,447 WARN received SIGQUIT indicating exit request
2024-10-18 14:44:54,449 INFO waiting for php-fpm to die
2024-10-18 14:44:54,457 INFO stopped: php-fpm (exit status 0)
2024-10-18 18:48:46,238 INFO Set uid to user 0 succeeded
2024-10-18 18:48:46,247 INFO supervisord started with pid 1
2024-10-18 18:48:47,251 INFO spawned: 'php-fpm' with pid 7
2024-10-18 18:48:48,310 INFO success: php-fpm entered RUNNING state, process has stayed up for > than 1 seconds (startsecs)
2024-10-18 18:48:56,485 WARN received SIGQUIT indicating exit request
2024-10-18 18:48:56,487 INFO waiting for php-fpm to die
2024-10-18 18:48:56,493 INFO stopped: php-fpm (exit status 0)
